<?xml version="1.0" encoding="UTF-8"?>
<testng-results ignored="0" total="1" passed="1" failed="0" skipped="0">
  <reporter-output>
  </reporter-output>
  <suite started-at="2022-02-15T22:02:05 EST" name="Suite" finished-at="2022-02-15T22:02:05 EST" duration-ms="39">
    <groups>
    </groups>
    <test started-at="2022-02-15T22:02:05 EST" name="Test" finished-at="2022-02-15T22:02:05 EST" duration-ms="39">
      <class name="proj001.firstTestNG">
        <test-method signature="PrintMessage()[pri:0, instance:proj001.firstTestNG@61d6015a]" started-at="2022-02-15T22:02:05 EST" name="PrintMessage" finished-at="2022-02-15T22:02:05 EST" duration-ms="6" status="PASS">
          <reporter-output>
          </reporter-output>
        </test-method> <!-- PrintMessage -->
      </class> <!-- proj001.firstTestNG -->
    </test> <!-- Test -->
  </suite> <!-- Suite -->
</testng-results>
